  Camera.cpp
  Mesh.cpp
  Main.cpp
  ShaderProgram.cpp
  Texture2D.cpp
  Generating Code...
LINK : warning LNK4098: defaultlib 'MSVCRT' conflicts with use of other libs; use /NODEFAULTLIB:library
Mesh.obj : warning LNK4049: locally defined symbol ___glewBindBuffer imported
Mesh.obj : warning LNK4049: locally defined symbol ___glewBufferData imported
Mesh.obj : warning LNK4049: locally defined symbol ___glewDeleteBuffers imported
Mesh.obj : warning LNK4049: locally defined symbol ___glewGenBuffers imported
Mesh.obj : warning LNK4049: locally defined symbol ___glewEnableVertexAttribArray imported
Mesh.obj : warning LNK4049: locally defined symbol ___glewVertexAttribPointer imported
Mesh.obj : warning LNK4049: locally defined symbol ___glewBindVertexArray imported
Mesh.obj : warning LNK4049: locally defined symbol ___glewDeleteVertexArrays imported
Mesh.obj : warning LNK4049: locally defined symbol ___glewGenVertexArrays imported
ShaderProgram.obj : warning LNK4049: locally defined symbol ___glewAttachShader imported
ShaderProgram.obj : warning LNK4049: locally defined symbol ___glewCompileShader imported
ShaderProgram.obj : warning LNK4049: locally defined symbol ___glewCreateProgram imported
ShaderProgram.obj : warning LNK4049: locally defined symbol ___glewCreateShader imported
ShaderProgram.obj : warning LNK4049: locally defined symbol ___glewDeleteProgram imported
ShaderProgram.obj : warning LNK4049: locally defined symbol ___glewDeleteShader imported
ShaderProgram.obj : warning LNK4049: locally defined symbol ___glewGetProgramInfoLog imported
ShaderProgram.obj : warning LNK4049: locally defined symbol ___glewGetProgramiv imported
ShaderProgram.obj : warning LNK4049: locally defined symbol ___glewGetShaderInfoLog imported
ShaderProgram.obj : warning LNK4049: locally defined symbol ___glewGetShaderiv imported
ShaderProgram.obj : warning LNK4049: locally defined symbol ___glewGetUniformLocation imported
ShaderProgram.obj : warning LNK4049: locally defined symbol ___glewLinkProgram imported
ShaderProgram.obj : warning LNK4049: locally defined symbol ___glewShaderSource imported
ShaderProgram.obj : warning LNK4049: locally defined symbol ___glewUniform2f imported
ShaderProgram.obj : warning LNK4049: locally defined symbol ___glewUniform3f imported
ShaderProgram.obj : warning LNK4049: locally defined symbol ___glewUniform4f imported
ShaderProgram.obj : warning LNK4049: locally defined symbol ___glewUniformMatrix4fv imported
ShaderProgram.obj : warning LNK4049: locally defined symbol ___glewUseProgram imported
Texture2D.obj : warning LNK4049: locally defined symbol ___glewActiveTexture imported
Texture2D.obj : warning LNK4049: locally defined symbol ___glewGenerateMipmap imported
glew32sd.lib(glew.obj) : warning LNK4099: PDB 'glew_static.pdb' was not found with 'glew32sd.lib(glew.obj)' or at 'C:\Users\amand\Desktop\OpenGL - CG\glew_static.pdb'; linking object as if no debug info
  OpenGL - CG.vcxproj -> C:\Users\amand\Desktop\OpenGL - CG\.\OpenGL - CG.exe
